0 info it worked if it ends with ok
1 verbose cli [ 'C:\\Program Files\\nodejs\\node.exe',
1 verbose cli   'C:\\Program Files\\nodejs\\node_modules\\npm\\bin\\npm-cli.js',
1 verbose cli   'run',
1 verbose cli   'build' ]
2 info using npm@3.10.10
3 info using node@v6.9.4
4 verbose run-script [ 'prebuild', 'build', 'postbuild' ]
5 info lifecycle quantum-state@0.0.1~prebuild: quantum-state@0.0.1
6 silly lifecycle quantum-state@0.0.1~prebuild: no script for prebuild, continuing
7 info lifecycle quantum-state@0.0.1~build: quantum-state@0.0.1
8 verbose lifecycle quantum-state@0.0.1~build: unsafe-perm in lifecycle true
9 verbose lifecycle quantum-state@0.0.1~build: PATH: C:\Program Files\nodejs\node_modules\npm\bin\node-gyp-bin;C:\Users\jg49292\Projects\quantum-state\node_modules\.bin;C:\Users\jg49292\Documents\Programs\cmder\bin;C:\Program Files\Git\bin;C:\Program Files\Git\usr\bin;C:\Program Files\Git\share\vim\vim74;C:\Users\jg49292\Documents\Programs\cmder\vendor\conemu-maximus5;C:\Users\jg49292\Documents\Programs\cmder\vendor\conemu-maximus5\ConEmu;C:\ProgramData\Oracle\Java\javapath;C:\Program Files (x86)\EasyPHP-DevServer-14.1VC11\binaries\php\php_runningversion;C:\Program Files\ImageMagick-6.9.1-Q16;C:\Windows\system32;C:\Windows;C:\Windows\System32\Wbem;C:\Windows\System32\WindowsPowerShell\v1.0\;C:\Program Files\ActiveState\Perl64 v5.16.1\site\bin;C:\Program Files\ActiveState\Perl64 v5.16.1\bin\;C:\Program Files\Intel\WiFi\bin\;C:\Program Files\Common Files\Intel\WirelessCommon\;C:\Program Files\Dell\Dell Data Protection\Encryption\;C:\Program Files\Microsoft SQL Server\110\Tools\Binn\;C:\Program Files\Microsoft SQL Server\120\Tools\Binn\;C:\Program Files\Git\cmd;C:\Program Files\nodejs\;C:\Program Files (x86)\Common Files\Bosch Security Systems;C:\Program Files\MongoDB\Server\3.2\bin\;C:\wamp\bin\php\php5.5.12;C:\Program Files\Git\bin;C:\Users\jg49292\AppData\Local\atom\bin;C:\Program Files\Docker Toolbox;C:\Users\jg49292\AppData\Roaming\npm;C:\Users\jg49292\Documents\Programs\cmder
10 verbose lifecycle quantum-state@0.0.1~build: CWD: C:\Users\jg49292\Projects\quantum-state
11 silly lifecycle quantum-state@0.0.1~build: Args: [ '/d /s /c', 'tsc' ]
12 silly lifecycle quantum-state@0.0.1~build: Returned: code: 2  signal: null
13 info lifecycle quantum-state@0.0.1~build: Failed to exec build script
14 verbose stack Error: quantum-state@0.0.1 build: `tsc`
14 verbose stack Exit status 2
14 verbose stack     at EventEmitter.<anonymous> (C:\Program Files\nodejs\node_modules\npm\lib\utils\lifecycle.js:255:16)
14 verbose stack     at emitTwo (events.js:106:13)
14 verbose stack     at EventEmitter.emit (events.js:191:7)
14 verbose stack     at ChildProcess.<anonymous> (C:\Program Files\nodejs\node_modules\npm\lib\utils\spawn.js:40:14)
14 verbose stack     at emitTwo (events.js:106:13)
14 verbose stack     at ChildProcess.emit (events.js:191:7)
14 verbose stack     at maybeClose (internal/child_process.js:877:16)
14 verbose stack     at Process.ChildProcess._handle.onexit (internal/child_process.js:226:5)
15 verbose pkgid quantum-state@0.0.1
16 verbose cwd C:\Users\jg49292\Projects\quantum-state
17 error Windows_NT 6.1.7601
18 error argv "C:\\Program Files\\nodejs\\node.exe" "C:\\Program Files\\nodejs\\node_modules\\npm\\bin\\npm-cli.js" "run" "build"
19 error node v6.9.4
20 error npm  v3.10.10
21 error code ELIFECYCLE
22 error quantum-state@0.0.1 build: `tsc`
22 error Exit status 2
23 error Failed at the quantum-state@0.0.1 build script 'tsc'.
23 error Make sure you have the latest version of node.js and npm installed.
23 error If you do, this is most likely a problem with the quantum-state package,
23 error not with npm itself.
23 error Tell the author that this fails on your system:
23 error     tsc
23 error You can get information on how to open an issue for this project with:
23 error     npm bugs quantum-state
23 error Or if that isn't available, you can get their info via:
23 error     npm owner ls quantum-state
23 error There is likely additional logging output above.
24 verbose exit [ 1, true ]
